<?xml version="1.0" encoding="UTF-8"?>
<testng-results ignored="0" total="0" passed="0" failed="0" skipped="0">
  <reporter-output>
  </reporter-output>
  <suite started-at="2024-03-11T21:24:06 HST" name="Surefire suite" finished-at="2024-03-11T21:24:19 HST" duration-ms="13385">
    <groups>
    </groups>
    <test started-at="2024-03-11T21:24:06 HST" name="Surefire test" finished-at="2024-03-11T21:24:19 HST" duration-ms="13385">
    </test> <!-- Surefire test -->
  </suite> <!-- Surefire suite -->
</testng-results>
