<?xml version="1.0" encoding="UTF-8"?>
<testsuite xmlns:xsi="http://www.w3.org/2001/XMLSchema-instance" xsi:noNamespaceSchemaLocation="https://maven.apache.org/surefire/maven-surefire-plugin/xsd/surefire-test-report-3.0.xsd" version="3.0" name="runners.RunnerClass" time="9.429" tests="1" errors="0" skipped="0" failures="1">
  <properties>
[...]
</properties>
  <testcase name="Admin login" classname="Validation of login scenarios" time="8.737">
    <failure type="java.lang.AssertionError"><![CDATA[java.lang.AssertionError
]]></failure>
    <system-out><![CDATA[
@smoke @sprint12 @regression @latest @testo
Scenario: Admin login                       # src/test/resources/features/Login.feature:7
  When user enters valid admin credentials  # steps.EmployeeSearchSteps.user_enters_valid_admin_credentials()
  And user clicks on login button           # steps.EmployeeSearchSteps.user_clicks_on_login_button()
  Then admin user is successfully logged in # steps.LoginSteps.adminUserIsSuccessfullyLoggedIn()
      java.lang.AssertionError
	at org.junit.Assert.fail(Assert.java:87)
	at org.junit.Assert.assertTrue(Assert.java:42)
	at org.junit.Assert.assertFalse(Assert.java:65)
	at org.junit.Assert.assertFalse(Assert.java:75)
	at steps.LoginSteps.adminUserIsSuccessfullyLoggedIn(LoginSteps.java:12)
	at ✽.admin user is successfully logged in(file:///Users/sakirsahin/IdeaProjects/CucumberFrameworkBatch12Me/src/test/resources/features/Login.feature:10)

]]></system-out>
  </testcase>
</testsuite>